<?xml version="1.0" encoding="UTF-8"?>
<testng-results ignored="0" total="1" passed="1" failed="0" skipped="0">
  <reporter-output>
  </reporter-output>
  <suite started-at="2023-10-17T00:37:11 IST" name="Default suite" finished-at="2023-10-17T00:37:11 IST" duration-ms="90">
    <groups>
    </groups>
    <test started-at="2023-10-17T00:37:11 IST" name="Default test" finished-at="2023-10-17T00:37:11 IST" duration-ms="90">
      <class name="package1.Dummyclass">
        <test-method signature="m1()[pri:0, instance:package1.Dummyclass@f5acb9d]" started-at="2023-10-17T00:37:11 IST" name="m1" finished-at="2023-10-17T00:37:11 IST" duration-ms="19" status="PASS">
          <reporter-output>
          </reporter-output>
        </test-method> <!-- m1 -->
      </class> <!-- package1.Dummyclass -->
    </test> <!-- Default test -->
  </suite> <!-- Default suite -->
</testng-results>
